[debug] [2022-03-07T13:52:40.728Z] ----------------------------------------------------------------------
[debug] [2022-03-07T13:52:40.731Z] Command:       C:\Program Files\nodejs\node.exe C:\Users\Syed Aqib\AppData\Roaming\npm\node_modules\firebase-tools\lib\bin\firebase.js init
[debug] [2022-03-07T13:52:40.732Z] CLI Version:   10.1.4
[debug] [2022-03-07T13:52:40.732Z] Platform:      win32
[debug] [2022-03-07T13:52:40.732Z] Node Version:  v14.17.3
[debug] [2022-03-07T13:52:40.733Z] Time:          Mon Mar 07 2022 18:52:40 GMT+0500 (Pakistan Standard Time)
[debug] [2022-03-07T13:52:40.733Z] ----------------------------------------------------------------------
[debug] 
[debug] [2022-03-07T13:52:40.828Z] > command requires scopes: ["email","openid","https://www.googleapis.com/auth/cloudplatformprojects.readonly","https://www.googleapis.com/auth/firebase","https://www.googleapis.com/auth/cloud-platform"]
[debug] [2022-03-07T13:52:40.829Z] > authorizing via signed-in user (sareeb65@gmail.com)
[info] 
     ######## #### ########  ######## ########     ###     ######  ########
     ##        ##  ##     ## ##       ##     ##  ##   ##  ##       ##
     ######    ##  ########  ######   ########  #########  ######  ######
     ##        ##  ##    ##  ##       ##     ## ##     ##       ## ##
     ##       #### ##     ## ######## ########  ##     ##  ######  ########

You're about to initialize a Firebase project in this directory:

  C:\Users\Syed Aqib\Desktop\Alphatonix

Before we get started, keep in mind:

  * You are initializing within an existing Firebase project directory

